2022-08-13 00:26:51,012 Host resolution error: [Failure instance: Traceback: <class 'TypeError'>: argument should be integer or bytes-like object, not 'str'
/usr/lib/python3/dist-packages/twisted/internet/_resolver.py:155:deliverResults
/usr/lib/python3/dist-packages/twisted/internet/_resolver.py:269:addressResolved
/usr/lib/python3/dist-packages/twisted/internet/defer.py:661:callback
/usr/lib/python3/dist-packages/twisted/internet/defer.py:763:_startRunCallbacks
--- <exception caught here> ---
/usr/lib/python3/dist-packages/twisted/internet/defer.py:857:_runCallbacks
/usr/share/sslstrip/sslstrip/ClientRequest.py:94:handleHostResolvedSuccess
/usr/share/sslstrip/sslstrip/ClientRequest.py:70:getPathFromUri
]
2022-08-13 00:26:51,143 Host resolution error: [Failure instance: Traceback: <class 'TypeError'>: argument should be integer or bytes-like object, not 'str'
/usr/lib/python3/dist-packages/twisted/internet/_resolver.py:155:deliverResults
/usr/lib/python3/dist-packages/twisted/internet/_resolver.py:269:addressResolved
/usr/lib/python3/dist-packages/twisted/internet/defer.py:661:callback
/usr/lib/python3/dist-packages/twisted/internet/defer.py:763:_startRunCallbacks
--- <exception caught here> ---
/usr/lib/python3/dist-packages/twisted/internet/defer.py:857:_runCallbacks
/usr/share/sslstrip/sslstrip/ClientRequest.py:94:handleHostResolvedSuccess
/usr/share/sslstrip/sslstrip/ClientRequest.py:70:getPathFromUri
]
2022-08-13 00:27:00,762 Host resolution error: [Failure instance: Traceback: <class 'TypeError'>: argument should be integer or bytes-like object, not 'str'
/usr/lib/python3/dist-packages/twisted/internet/_resolver.py:155:deliverResults
/usr/lib/python3/dist-packages/twisted/internet/_resolver.py:269:addressResolved
/usr/lib/python3/dist-packages/twisted/internet/defer.py:661:callback
/usr/lib/python3/dist-packages/twisted/internet/defer.py:763:_startRunCallbacks
--- <exception caught here> ---
/usr/lib/python3/dist-packages/twisted/internet/defer.py:857:_runCallbacks
/usr/share/sslstrip/sslstrip/ClientRequest.py:94:handleHostResolvedSuccess
/usr/share/sslstrip/sslstrip/ClientRequest.py:70:getPathFromUri
]
2022-08-13 00:28:25,361 Host resolution error: [Failure instance: Traceback: <class 'TypeError'>: argument should be integer or bytes-like object, not 'str'
/usr/lib/python3/dist-packages/twisted/internet/_resolver.py:155:deliverResults
/usr/lib/python3/dist-packages/twisted/internet/_resolver.py:269:addressResolved
/usr/lib/python3/dist-packages/twisted/internet/defer.py:661:callback
/usr/lib/python3/dist-packages/twisted/internet/defer.py:763:_startRunCallbacks
--- <exception caught here> ---
/usr/lib/python3/dist-packages/twisted/internet/defer.py:857:_runCallbacks
/usr/share/sslstrip/sslstrip/ClientRequest.py:94:handleHostResolvedSuccess
/usr/share/sslstrip/sslstrip/ClientRequest.py:70:getPathFromUri
]
2022-08-13 00:28:25,462 Host resolution error: [Failure instance: Traceback: <class 'TypeError'>: argument should be integer or bytes-like object, not 'str'
/usr/lib/python3/dist-packages/twisted/internet/_resolver.py:155:deliverResults
/usr/lib/python3/dist-packages/twisted/internet/_resolver.py:269:addressResolved
/usr/lib/python3/dist-packages/twisted/internet/defer.py:661:callback
/usr/lib/python3/dist-packages/twisted/internet/defer.py:763:_startRunCallbacks
--- <exception caught here> ---
/usr/lib/python3/dist-packages/twisted/internet/defer.py:857:_runCallbacks
/usr/share/sslstrip/sslstrip/ClientRequest.py:94:handleHostResolvedSuccess
/usr/share/sslstrip/sslstrip/ClientRequest.py:70:getPathFromUri
]
2022-08-13 00:29:40,862 Host resolution error: [Failure instance: Traceback: <class 'TypeError'>: argument should be integer or bytes-like object, not 'str'
/usr/lib/python3/dist-packages/twisted/internet/_resolver.py:155:deliverResults
/usr/lib/python3/dist-packages/twisted/internet/_resolver.py:269:addressResolved
/usr/lib/python3/dist-packages/twisted/internet/defer.py:661:callback
/usr/lib/python3/dist-packages/twisted/internet/defer.py:763:_startRunCallbacks
--- <exception caught here> ---
/usr/lib/python3/dist-packages/twisted/internet/defer.py:857:_runCallbacks
/usr/share/sslstrip/sslstrip/ClientRequest.py:94:handleHostResolvedSuccess
/usr/share/sslstrip/sslstrip/ClientRequest.py:70:getPathFromUri
]
